<?xml version="1.0" encoding="UTF-8"?>
<!-- Generated by org.testng.reporters.JUnitReportReporter -->
<testsuite hostname="DVCINH6097663" failures="0" tests="1" name="UITesting" time="0.017" errors="0" timestamp="2022-09-11T13:34:22 IST" skipped="0">
  <testcase classname="UITesting" name="f" time="0.017"/>
  <system-out/>
</testsuite> <!-- UITesting -->
